<?xml version="1.0" encoding="UTF-8"?>
<!-- Generated by org.testng.reporters.JUnitXMLReporter -->
<testsuite ignored="1" hostname="DESKTOP-B9DTI0S" failures="0" tests="6" name="Command line test" time="69.522" errors="0" timestamp="15 Sep 2019 07:33:14 GMT">
  <testcase classname="com.automate.qa.test.HomePageTest" name="testBox" time="0.071"/>
  <testcase classname="com.automate.qa.test.HomePageTest" name="validateTitle" time="0.01"/>
  <testcase classname="com.automate.qa.test.HomePageTest" name="validateChap1Link" time="0.398"/>
  <testcase classname="com.automate.qa.test.HomePageTest" name="validateChap2link" time="1.126"/>
  <testcase classname="com.automate.qa.test.HomePageTest" name="validateChap3Link" time="0.572"/>
  <testcase classname="com.automate.qa.test.HomePageTest" name="validateChap4Link" time="0.428"/>
  <testcase classname="com.automate.qa.test.HomePageTest" name="validateChap8Link" time="0.0">
    <ignored/>
  </testcase> <!-- validateChap8Link -->
</testsuite> <!-- Command line test -->
