<?xml version="1.0" encoding="UTF-8"?>
<testng-results ignored="1" total="7" passed="6" failed="0" skipped="0">
  <reporter-output>
  </reporter-output>
  <suite started-at="2019-09-15T07:32:04Z" name="com.automate.qa.test.HomePageTest" finished-at="2019-09-15T07:33:14Z" duration-ms="69522">
    <groups>
      <group name="Chapters">
        <method signature="HomePageTest.validateChap1Link()[pri:2, instance:com.automate.qa.test.HomePageTest@36d585c]" name="validateChap1Link" class="com.automate.qa.test.HomePageTest"/>
        <method signature="HomePageTest.validateChap2link()[pri:3, instance:com.automate.qa.test.HomePageTest@36d585c]" name="validateChap2link" class="com.automate.qa.test.HomePageTest"/>
        <method signature="HomePageTest.validateChap3Link()[pri:4, instance:com.automate.qa.test.HomePageTest@36d585c]" name="validateChap3Link" class="com.automate.qa.test.HomePageTest"/>
        <method signature="HomePageTest.validateChap4Link()[pri:5, instance:com.automate.qa.test.HomePageTest@36d585c]" name="validateChap4Link" class="com.automate.qa.test.HomePageTest"/>
      </group> <!-- Chapters -->
    </groups>
    <test started-at="2019-09-15T07:32:04Z" name="Command line test" finished-at="2019-09-15T07:33:14Z" duration-ms="69522">
      <class name="com.automate.qa.test.HomePageTest">
        <test-method is-config="true" signature="setUp()[pri:0, instance:com.automate.qa.test.HomePageTest@36d585c]" started-at="2019-09-15T13:02:05Z" name="setUp" finished-at="2019-09-15T13:02:16Z" duration-ms="11022" status="PASS">
          <reporter-output>
          </reporter-output>
        </test-method> <!-- setUp -->
        <test-method signature="testBox(java.lang.String)[pri:0, instance:com.automate.qa.test.HomePageTest@36d585c]" started-at="2019-09-15T13:02:16Z" name="testBox" data-provider="getSearchBoxData" finished-at="2019-09-15T13:02:16Z" duration-ms="71" status="PASS">
          <params>
            <param index="0">
              <value>
                <![CDATA[ronit]]>
              </value>
            </param>
          </params>
          <reporter-output>
          </reporter-output>
        </test-method> <!-- testBox -->
        <test-method is-config="true" signature="tearDown()[pri:0, instance:com.automate.qa.test.HomePageTest@36d585c]" started-at="2019-09-15T13:02:16Z" name="tearDown" finished-at="2019-09-15T13:02:16Z" duration-ms="587" status="PASS">
          <reporter-output>
          </reporter-output>
        </test-method> <!-- tearDown -->
        <test-method is-config="true" signature="setUp()[pri:0, instance:com.automate.qa.test.HomePageTest@36d585c]" started-at="2019-09-15T13:02:16Z" name="setUp" finished-at="2019-09-15T13:02:27Z" duration-ms="10679" status="PASS">
          <reporter-output>
          </reporter-output>
        </test-method> <!-- setUp -->
        <test-method signature="validateTitle()[pri:1, instance:com.automate.qa.test.HomePageTest@36d585c]" started-at="2019-09-15T13:02:27Z" name="validateTitle" finished-at="2019-09-15T13:02:27Z" duration-ms="10" status="PASS">
          <reporter-output>
          </reporter-output>
        </test-method> <!-- validateTitle -->
        <test-method is-config="true" signature="tearDown()[pri:0, instance:com.automate.qa.test.HomePageTest@36d585c]" started-at="2019-09-15T13:02:27Z" name="tearDown" finished-at="2019-09-15T13:02:28Z" duration-ms="588" status="PASS">
          <reporter-output>
          </reporter-output>
        </test-method> <!-- tearDown -->
        <test-method is-config="true" signature="setUp()[pri:0, instance:com.automate.qa.test.HomePageTest@36d585c]" started-at="2019-09-15T13:02:28Z" name="setUp" finished-at="2019-09-15T13:02:38Z" duration-ms="10314" status="PASS">
          <reporter-output>
          </reporter-output>
        </test-method> <!-- setUp -->
        <test-method signature="validateChap1Link()[pri:2, instance:com.automate.qa.test.HomePageTest@36d585c]" started-at="2019-09-15T13:02:38Z" name="validateChap1Link" finished-at="2019-09-15T13:02:38Z" duration-ms="398" status="PASS">
          <reporter-output>
          </reporter-output>
        </test-method> <!-- validateChap1Link -->
        <test-method is-config="true" signature="tearDown()[pri:0, instance:com.automate.qa.test.HomePageTest@36d585c]" started-at="2019-09-15T13:02:38Z" name="tearDown" finished-at="2019-09-15T13:02:39Z" duration-ms="582" status="PASS">
          <reporter-output>
          </reporter-output>
        </test-method> <!-- tearDown -->
        <test-method is-config="true" signature="setUp()[pri:0, instance:com.automate.qa.test.HomePageTest@36d585c]" started-at="2019-09-15T13:02:39Z" name="setUp" finished-at="2019-09-15T13:02:50Z" duration-ms="10739" status="PASS">
          <reporter-output>
          </reporter-output>
        </test-method> <!-- setUp -->
        <test-method signature="validateChap2link()[pri:3, instance:com.automate.qa.test.HomePageTest@36d585c]" started-at="2019-09-15T13:02:50Z" name="validateChap2link" finished-at="2019-09-15T13:02:51Z" duration-ms="1126" status="PASS">
          <reporter-output>
          </reporter-output>
        </test-method> <!-- validateChap2link -->
        <test-method is-config="true" signature="tearDown()[pri:0, instance:com.automate.qa.test.HomePageTest@36d585c]" started-at="2019-09-15T13:02:51Z" name="tearDown" finished-at="2019-09-15T13:02:51Z" duration-ms="584" status="PASS">
          <reporter-output>
          </reporter-output>
        </test-method> <!-- tearDown -->
        <test-method is-config="true" signature="setUp()[pri:0, instance:com.automate.qa.test.HomePageTest@36d585c]" started-at="2019-09-15T13:02:51Z" name="setUp" finished-at="2019-09-15T13:03:02Z" duration-ms="10148" status="PASS">
          <reporter-output>
          </reporter-output>
        </test-method> <!-- setUp -->
        <test-method signature="validateChap3Link()[pri:4, instance:com.automate.qa.test.HomePageTest@36d585c]" started-at="2019-09-15T13:03:02Z" name="validateChap3Link" finished-at="2019-09-15T13:03:02Z" duration-ms="572" status="PASS">
          <reporter-output>
          </reporter-output>
        </test-method> <!-- validateChap3Link -->
        <test-method is-config="true" signature="tearDown()[pri:0, instance:com.automate.qa.test.HomePageTest@36d585c]" started-at="2019-09-15T13:03:02Z" name="tearDown" finished-at="2019-09-15T13:03:03Z" duration-ms="592" status="PASS">
          <reporter-output>
          </reporter-output>
        </test-method> <!-- tearDown -->
        <test-method is-config="true" signature="setUp()[pri:0, instance:com.automate.qa.test.HomePageTest@36d585c]" started-at="2019-09-15T13:03:03Z" name="setUp" finished-at="2019-09-15T13:03:13Z" duration-ms="10141" status="PASS">
          <reporter-output>
          </reporter-output>
        </test-method> <!-- setUp -->
        <test-method signature="validateChap4Link()[pri:5, instance:com.automate.qa.test.HomePageTest@36d585c]" started-at="2019-09-15T13:03:13Z" name="validateChap4Link" finished-at="2019-09-15T13:03:13Z" duration-ms="428" status="PASS">
          <reporter-output>
          </reporter-output>
        </test-method> <!-- validateChap4Link -->
        <test-method is-config="true" signature="tearDown()[pri:0, instance:com.automate.qa.test.HomePageTest@36d585c]" started-at="2019-09-15T13:03:13Z" name="tearDown" finished-at="2019-09-15T13:03:14Z" duration-ms="584" status="PASS">
          <reporter-output>
          </reporter-output>
        </test-method> <!-- tearDown -->
      </class> <!-- com.automate.qa.test.HomePageTest -->
    </test> <!-- Command line test -->
  </suite> <!-- com.automate.qa.test.HomePageTest -->
</testng-results>
