<?xml version="1.0" encoding="UTF-8"?>
<testng-results ignored="1" total="7" passed="6" failed="0" skipped="0">
  <reporter-output>
  </reporter-output>
  <suite started-at="2019-09-15T07:26:48Z" name=" Selenium: Beginners Guide Automation Test Suite" finished-at="2019-09-15T07:27:56Z" duration-ms="68302">
    <groups>
      <group name="Chapters">
        <method signature="HomePageTest.validateChap1Link()[pri:2, instance:com.automate.qa.test.HomePageTest@53ce1329]" name="validateChap1Link" class="com.automate.qa.test.HomePageTest"/>
        <method signature="HomePageTest.validateChap2link()[pri:3, instance:com.automate.qa.test.HomePageTest@53ce1329]" name="validateChap2link" class="com.automate.qa.test.HomePageTest"/>
        <method signature="HomePageTest.validateChap3Link()[pri:4, instance:com.automate.qa.test.HomePageTest@53ce1329]" name="validateChap3Link" class="com.automate.qa.test.HomePageTest"/>
        <method signature="HomePageTest.validateChap4Link()[pri:5, instance:com.automate.qa.test.HomePageTest@53ce1329]" name="validateChap4Link" class="com.automate.qa.test.HomePageTest"/>
      </group> <!-- Chapters -->
    </groups>
    <test started-at="2019-09-15T07:26:48Z" name="Selenium: Beginners Guide Test Cases" finished-at="2019-09-15T07:27:56Z" duration-ms="68302">
      <class name="com.automate.qa.test.HomePageTest">
        <test-method is-config="true" signature="setUp()[pri:0, instance:com.automate.qa.test.HomePageTest@53ce1329]" started-at="2019-09-15T12:56:48Z" name="setUp" finished-at="2019-09-15T12:57:00Z" duration-ms="12194" status="PASS">
          <reporter-output>
          </reporter-output>
        </test-method> <!-- setUp -->
        <test-method signature="testBox(java.lang.String)[pri:0, instance:com.automate.qa.test.HomePageTest@53ce1329]" started-at="2019-09-15T12:57:00Z" name="testBox" data-provider="getSearchBoxData" finished-at="2019-09-15T12:57:00Z" duration-ms="95" status="PASS">
          <params>
            <param index="0">
              <value>
                <![CDATA[ronit]]>
              </value>
            </param>
          </params>
          <reporter-output>
          </reporter-output>
        </test-method> <!-- testBox -->
        <test-method is-config="true" signature="tearDown()[pri:0, instance:com.automate.qa.test.HomePageTest@53ce1329]" started-at="2019-09-15T12:57:00Z" name="tearDown" finished-at="2019-09-15T12:57:01Z" duration-ms="588" status="PASS">
          <reporter-output>
          </reporter-output>
        </test-method> <!-- tearDown -->
        <test-method is-config="true" signature="setUp()[pri:0, instance:com.automate.qa.test.HomePageTest@53ce1329]" started-at="2019-09-15T12:57:01Z" name="setUp" finished-at="2019-09-15T12:57:11Z" duration-ms="10105" status="PASS">
          <reporter-output>
          </reporter-output>
        </test-method> <!-- setUp -->
        <test-method signature="validateTitle()[pri:1, instance:com.automate.qa.test.HomePageTest@53ce1329]" started-at="2019-09-15T12:57:11Z" name="validateTitle" finished-at="2019-09-15T12:57:11Z" duration-ms="9" status="PASS">
          <reporter-output>
          </reporter-output>
        </test-method> <!-- validateTitle -->
        <test-method is-config="true" signature="tearDown()[pri:0, instance:com.automate.qa.test.HomePageTest@53ce1329]" started-at="2019-09-15T12:57:11Z" name="tearDown" finished-at="2019-09-15T12:57:12Z" duration-ms="581" status="PASS">
          <reporter-output>
          </reporter-output>
        </test-method> <!-- tearDown -->
        <test-method is-config="true" signature="setUp()[pri:0, instance:com.automate.qa.test.HomePageTest@53ce1329]" started-at="2019-09-15T12:57:12Z" name="setUp" finished-at="2019-09-15T12:57:22Z" duration-ms="10200" status="PASS">
          <reporter-output>
          </reporter-output>
        </test-method> <!-- setUp -->
        <test-method signature="validateChap1Link()[pri:2, instance:com.automate.qa.test.HomePageTest@53ce1329]" started-at="2019-09-15T12:57:22Z" name="validateChap1Link" finished-at="2019-09-15T12:57:22Z" duration-ms="424" status="PASS">
          <reporter-output>
          </reporter-output>
        </test-method> <!-- validateChap1Link -->
        <test-method is-config="true" signature="tearDown()[pri:0, instance:com.automate.qa.test.HomePageTest@53ce1329]" started-at="2019-09-15T12:57:22Z" name="tearDown" finished-at="2019-09-15T12:57:23Z" duration-ms="588" status="PASS">
          <reporter-output>
          </reporter-output>
        </test-method> <!-- tearDown -->
        <test-method is-config="true" signature="setUp()[pri:0, instance:com.automate.qa.test.HomePageTest@53ce1329]" started-at="2019-09-15T12:57:23Z" name="setUp" finished-at="2019-09-15T12:57:33Z" duration-ms="10037" status="PASS">
          <reporter-output>
          </reporter-output>
        </test-method> <!-- setUp -->
        <test-method signature="validateChap2link()[pri:3, instance:com.automate.qa.test.HomePageTest@53ce1329]" started-at="2019-09-15T12:57:33Z" name="validateChap2link" finished-at="2019-09-15T12:57:33Z" duration-ms="381" status="PASS">
          <reporter-output>
          </reporter-output>
        </test-method> <!-- validateChap2link -->
        <test-method is-config="true" signature="tearDown()[pri:0, instance:com.automate.qa.test.HomePageTest@53ce1329]" started-at="2019-09-15T12:57:33Z" name="tearDown" finished-at="2019-09-15T12:57:34Z" duration-ms="593" status="PASS">
          <reporter-output>
          </reporter-output>
        </test-method> <!-- tearDown -->
        <test-method is-config="true" signature="setUp()[pri:0, instance:com.automate.qa.test.HomePageTest@53ce1329]" started-at="2019-09-15T12:57:34Z" name="setUp" finished-at="2019-09-15T12:57:44Z" duration-ms="10125" status="PASS">
          <reporter-output>
          </reporter-output>
        </test-method> <!-- setUp -->
        <test-method signature="validateChap3Link()[pri:4, instance:com.automate.qa.test.HomePageTest@53ce1329]" started-at="2019-09-15T12:57:44Z" name="validateChap3Link" finished-at="2019-09-15T12:57:44Z" duration-ms="355" status="PASS">
          <reporter-output>
          </reporter-output>
        </test-method> <!-- validateChap3Link -->
        <test-method is-config="true" signature="tearDown()[pri:0, instance:com.automate.qa.test.HomePageTest@53ce1329]" started-at="2019-09-15T12:57:44Z" name="tearDown" finished-at="2019-09-15T12:57:45Z" duration-ms="582" status="PASS">
          <reporter-output>
          </reporter-output>
        </test-method> <!-- tearDown -->
        <test-method is-config="true" signature="setUp()[pri:0, instance:com.automate.qa.test.HomePageTest@53ce1329]" started-at="2019-09-15T12:57:45Z" name="setUp" finished-at="2019-09-15T12:57:55Z" duration-ms="10057" status="PASS">
          <reporter-output>
          </reporter-output>
        </test-method> <!-- setUp -->
        <test-method signature="validateChap4Link()[pri:5, instance:com.automate.qa.test.HomePageTest@53ce1329]" started-at="2019-09-15T12:57:55Z" name="validateChap4Link" finished-at="2019-09-15T12:57:55Z" duration-ms="412" status="PASS">
          <reporter-output>
          </reporter-output>
        </test-method> <!-- validateChap4Link -->
        <test-method is-config="true" signature="tearDown()[pri:0, instance:com.automate.qa.test.HomePageTest@53ce1329]" started-at="2019-09-15T12:57:55Z" name="tearDown" finished-at="2019-09-15T12:57:56Z" duration-ms="584" status="PASS">
          <reporter-output>
          </reporter-output>
        </test-method> <!-- tearDown -->
      </class> <!-- com.automate.qa.test.HomePageTest -->
    </test> <!-- Selenium: Beginners Guide Test Cases -->
  </suite> <!--  Selenium: Beginners Guide Automation Test Suite -->
</testng-results>
